# JRE version: OpenJDK Runtime Environment Temurin-21.0.4+7 (21.0.4+7) (build 21.0.4+7-LTS)
# Java VM: OpenJDK 64-Bit Server VM Temurin-21.0.4+7 (21.0.4+7-LTS, mixed mode, emulated-client, tiered, compressed oops, compressed class ptrs, g1 gc, windows-amd64)
GC Precious Log:
 CardTable entry size: 512
 Card Set container configuration: InlinePtr #cards 5 size 8 Array Of Cards #cards 12 size 40 Howl #buckets 4 coarsen threshold 1843 Howl Bitmap #cards 512 size 80 coarsen threshold 460 Card regions per heap region 1 cards per card region 2048
 CPUs: 20 total, 20 available
 Memory: 16068M
 Large Page Support: Disabled
 NUMA Support: Disabled
 Compressed Oops: Enabled (32-bit)
 Heap Region Size: 1M
 Heap Min Capacity: 8M
 Heap Initial Capacity: 252M
 Heap Max Capacity: 1G
 Pre-touch: Disabled
 Parallel Workers: 15
 Concurrent Workers: 4
 Concurrent Refinement Workers: 15
 Periodic GC: Disabled
Heap:
 garbage-first heap   total 96256K, used 45052K [0x00000000c0000000, 0x0000000100000000)
  region size 1024K, 1 young (1024K), 0 survivors (0K)
 Metaspace       used 67380K, committed 67968K, reserved 1114112K
  class space    used 8191K, committed 8448K, reserved 1048576K
GC Heap History (20 events):
Event: 94.192 GC heap after
{Heap after GC invocations=23 (full 5):
 garbage-first heap   total 96256K, used 43629K [0x00000000c0000000, 0x0000000100000000)
  region size 1024K, 0 young (0K), 0 survivors (0K)
 Metaspace       used 66269K, committed 67456K, reserved 1114112K
  class space    used 7994K, committed 8448K, reserved 1048576K
}
Event: 104.440 GC heap before
{Heap before GC invocations=23 (full 5):
 garbage-first heap   total 96256K, used 43629K [0x00000000c0000000, 0x0000000100000000)
  region size 1024K, 1 young (1024K), 0 survivors (0K)
 Metaspace       used 66269K, committed 67456K, reserved 1114112K
  class space    used 7994K, committed 8448K, reserved 1048576K
}
Event: 104.460 GC heap after
{Heap after GC invocations=24 (full 6):
 garbage-first heap   total 96256K, used 43629K [0x00000000c0000000, 0x0000000100000000)
  region size 1024K, 0 young (0K), 0 survivors (0K)
 Metaspace       used 66269K, committed 67456K, reserved 1114112K
  class space    used 7994K, committed 8448K, reserved 1048576K
}
Event: 114.690 GC heap before
{Heap before GC invocations=24 (full 6):
 garbage-first heap   total 96256K, used 43629K [0x00000000c0000000, 0x0000000100000000)
  region size 1024K, 1 young (1024K), 0 survivors (0K)
 Metaspace       used 66269K, committed 67456K, reserved 1114112K
  class space    used 7994K, committed 8448K, reserved 1048576K
}
Event: 114.713 GC heap after
{Heap after GC invocations=25 (full 7):
 garbage-first heap   total 96256K, used 43629K [0x00000000c0000000, 0x0000000100000000)
  region size 1024K, 0 young (0K), 0 survivors (0K)
 Metaspace       used 66269K, committed 67456K, reserved 1114112K
  class space    used 7994K, committed 8448K, reserved 1048576K
}
Event: 121.995 GC heap before
{Heap before GC invocations=25 (full 7):
 garbage-first heap   total 96256K, used 46701K [0x00000000c0000000, 0x0000000100000000)
  region size 1024K, 4 young (4096K), 0 survivors (0K)
 Metaspace       used 66575K, committed 67584K, reserved 1114112K
  class space    used 8040K, committed 8448K, reserved 1048576K
}
Event: 121.996 GC heap after
{Heap after GC invocations=26 (full 7):
 garbage-first heap   total 96256K, used 44212K [0x00000000c0000000, 0x0000000100000000)
  region size 1024K, 1 young (1024K), 1 survivors (1024K)
 Metaspace       used 66575K, committed 67584K, reserved 1114112K
  class space    used 8040K, committed 8448K, reserved 1048576K
}
Event: 184.997 GC heap before
{Heap before GC invocations=27 (full 7):
 garbage-first heap   total 96256K, used 79028K [0x00000000c0000000, 0x0000000100000000)
  region size 1024K, 28 young (28672K), 1 survivors (1024K)
 Metaspace       used 67413K, committed 67968K, reserved 1114112K
  class space    used 8200K, committed 8448K, reserved 1048576K
}
Event: 185.014 GC heap after
{Heap after GC invocations=28 (full 8):
 garbage-first heap   total 96256K, used 45715K [0x00000000c0000000, 0x0000000100000000)
  region size 1024K, 0 young (0K), 0 survivors (0K)
 Metaspace       used 67413K, committed 67968K, reserved 1114112K
  class space    used 8200K, committed 8448K, reserved 1048576K
}
Event: 195.232 GC heap before
{Heap before GC invocations=28 (full 8):
 garbage-first heap   total 96256K, used 45715K [0x00000000c0000000, 0x0000000100000000)
  region size 1024K, 1 young (1024K), 0 survivors (0K)
 Metaspace       used 67413K, committed 67968K, reserved 1114112K
  class space    used 8200K, committed 8448K, reserved 1048576K
}
Event: 195.247 GC heap after
{Heap after GC invocations=29 (full 9):
 garbage-first heap   total 96256K, used 45043K [0x00000000c0000000, 0x0000000100000000)
  region size 1024K, 0 young (0K), 0 survivors (0K)
 Metaspace       used 67380K, committed 67968K, reserved 1114112K
  class space    used 8191K, committed 8448K, reserved 1048576K
}
Event: 205.486 GC heap before
{Heap before GC invocations=29 (full 9):
 garbage-first heap   total 96256K, used 45043K [0x00000000c0000000, 0x0000000100000000)
  region size 1024K, 1 young (1024K), 0 survivors (0K)
 Metaspace       used 67380K, committed 67968K, reserved 1114112K
  class space    used 8191K, committed 8448K, reserved 1048576K
}
Event: 205.502 GC heap after
{Heap after GC invocations=30 (full 10):
 garbage-first heap   total 96256K, used 45043K [0x00000000c0000000, 0x0000000100000000)
  region size 1024K, 0 young (0K), 0 survivors (0K)
 Metaspace       used 67380K, committed 67968K, reserved 1114112K
  class space    used 8191K, committed 8448K, reserved 1048576K
}
Event: 215.743 GC heap before
{Heap before GC invocations=30 (full 10):
 garbage-first heap   total 96256K, used 45043K [0x00000000c0000000, 0x0000000100000000)
  region size 1024K, 1 young (1024K), 0 survivors (0K)
 Metaspace       used 67380K, committed 67968K, reserved 1114112K
  class space    used 8191K, committed 8448K, reserved 1048576K
}
Event: 215.762 GC heap after
{Heap after GC invocations=31 (full 11):
 garbage-first heap   total 96256K, used 45043K [0x00000000c0000000, 0x0000000100000000)
  region size 1024K, 0 young (0K), 0 survivors (0K)
 Metaspace       used 67380K, committed 67968K, reserved 1114112K
  class space    used 8191K, committed 8448K, reserved 1048576K
}
Event: 226.013 GC heap before
{Heap before GC invocations=31 (full 11):
 garbage-first heap   total 96256K, used 45043K [0x00000000c0000000, 0x0000000100000000)
  region size 1024K, 1 young (1024K), 0 survivors (0K)
 Metaspace       used 67380K, committed 67968K, reserved 1114112K
  class space    used 8191K, committed 8448K, reserved 1048576K
}
Event: 226.030 GC heap after
{Heap after GC invocations=32 (full 12):
 garbage-first heap   total 96256K, used 45052K [0x00000000c0000000, 0x0000000100000000)
  region size 1024K, 0 young (0K), 0 survivors (0K)
 Metaspace       used 67380K, committed 67968K, reserved 1114112K
  class space    used 8191K, committed 8448K, reserved 1048576K
}
Event: 236.264 GC heap before
{Heap before GC invocations=32 (full 12):
 garbage-first heap   total 96256K, used 45052K [0x00000000c0000000, 0x0000000100000000)
  region size 1024K, 1 young (1024K), 0 survivors (0K)
 Metaspace       used 67380K, committed 67968K, reserved 1114112K
  class space    used 8191K, committed 8448K, reserved 1048576K
}
Event: 236.284 GC heap after
{Heap after GC invocations=33 (full 13):
 garbage-first heap   total 96256K, used 45052K [0x00000000c0000000, 0x0000000100000000)
  region size 1024K, 0 young (0K), 0 survivors (0K)
 Metaspace       used 67380K, committed 67968K, reserved 1114112K
  class space    used 8191K, committed 8448K, reserved 1048576K
}
Event: 246.357 GC heap before
{Heap before GC invocations=33 (full 13):
 garbage-first heap   total 96256K, used 45052K [0x00000000c0000000, 0x0000000100000000)
  region size 1024K, 1 young (1024K), 0 survivors (0K)
 Metaspace       used 67380K, committed 67968K, reserved 1114112K
  class space    used 8191K, committed 8448K, reserved 1048576K
}

