# JRE version: OpenJDK Runtime Environment Temurin-21.0.4+7 (21.0.4+7) (build 21.0.4+7-LTS)
# Java VM: OpenJDK 64-Bit Server VM Temurin-21.0.4+7 (21.0.4+7-LTS, mixed mode, emulated-client, tiered, compressed oops, compressed class ptrs, g1 gc, windows-amd64)
GC Precious Log:
 CardTable entry size: 512
 Card Set container configuration: InlinePtr #cards 5 size 8 Array Of Cards #cards 12 size 40 Howl #buckets 4 coarsen threshold 1843 Howl Bitmap #cards 512 size 80 coarsen threshold 460 Card regions per heap region 1 cards per card region 2048
 CPUs: 20 total, 20 available
 Memory: 16068M
 Large Page Support: Disabled
 NUMA Support: Disabled
 Compressed Oops: Enabled (32-bit)
 Heap Region Size: 1M
 Heap Min Capacity: 8M
 Heap Initial Capacity: 252M
 Heap Max Capacity: 1G
 Pre-touch: Disabled
 Parallel Workers: 15
 Concurrent Workers: 4
 Concurrent Refinement Workers: 15
 Periodic GC: Disabled
Heap:
 garbage-first heap   total 106496K, used 50957K [0x00000000c0000000, 0x0000000100000000)
  region size 1024K, 1 young (1024K), 0 survivors (0K)
 Metaspace       used 67773K, committed 68416K, reserved 1114112K
  class space    used 8202K, committed 8512K, reserved 1048576K
GC Heap History (20 events):
Event: 13903.124 GC heap after
{Heap after GC invocations=1263 (full 1225):
 garbage-first heap   total 106496K, used 50957K [0x00000000c0000000, 0x0000000100000000)
  region size 1024K, 0 young (0K), 0 survivors (0K)
 Metaspace       used 67773K, committed 68416K, reserved 1114112K
  class space    used 8202K, committed 8512K, reserved 1048576K
}
Event: 13913.282 GC heap before
{Heap before GC invocations=1263 (full 1225):
 garbage-first heap   total 106496K, used 50957K [0x00000000c0000000, 0x0000000100000000)
  region size 1024K, 1 young (1024K), 0 survivors (0K)
 Metaspace       used 67773K, committed 68416K, reserved 1114112K
  class space    used 8202K, committed 8512K, reserved 1048576K
}
Event: 13913.302 GC heap after
{Heap after GC invocations=1264 (full 1226):
 garbage-first heap   total 106496K, used 50957K [0x00000000c0000000, 0x0000000100000000)
  region size 1024K, 0 young (0K), 0 survivors (0K)
 Metaspace       used 67773K, committed 68416K, reserved 1114112K
  class space    used 8202K, committed 8512K, reserved 1048576K
}
Event: 13923.470 GC heap before
{Heap before GC invocations=1264 (full 1226):
 garbage-first heap   total 106496K, used 50957K [0x00000000c0000000, 0x0000000100000000)
  region size 1024K, 1 young (1024K), 0 survivors (0K)
 Metaspace       used 67773K, committed 68416K, reserved 1114112K
  class space    used 8202K, committed 8512K, reserved 1048576K
}
Event: 13923.491 GC heap after
{Heap after GC invocations=1265 (full 1227):
 garbage-first heap   total 106496K, used 50957K [0x00000000c0000000, 0x0000000100000000)
  region size 1024K, 0 young (0K), 0 survivors (0K)
 Metaspace       used 67773K, committed 68416K, reserved 1114112K
  class space    used 8202K, committed 8512K, reserved 1048576K
}
Event: 13933.666 GC heap before
{Heap before GC invocations=1265 (full 1227):
 garbage-first heap   total 106496K, used 50957K [0x00000000c0000000, 0x0000000100000000)
  region size 1024K, 1 young (1024K), 0 survivors (0K)
 Metaspace       used 67773K, committed 68416K, reserved 1114112K
  class space    used 8202K, committed 8512K, reserved 1048576K
}
Event: 13933.687 GC heap after
{Heap after GC invocations=1266 (full 1228):
 garbage-first heap   total 106496K, used 50957K [0x00000000c0000000, 0x0000000100000000)
  region size 1024K, 0 young (0K), 0 survivors (0K)
 Metaspace       used 67773K, committed 68416K, reserved 1114112K
  class space    used 8202K, committed 8512K, reserved 1048576K
}
Event: 13943.929 GC heap before
{Heap before GC invocations=1266 (full 1228):
 garbage-first heap   total 106496K, used 50957K [0x00000000c0000000, 0x0000000100000000)
  region size 1024K, 1 young (1024K), 0 survivors (0K)
 Metaspace       used 67773K, committed 68416K, reserved 1114112K
  class space    used 8202K, committed 8512K, reserved 1048576K
}
Event: 13943.951 GC heap after
{Heap after GC invocations=1267 (full 1229):
 garbage-first heap   total 106496K, used 50957K [0x00000000c0000000, 0x0000000100000000)
  region size 1024K, 0 young (0K), 0 survivors (0K)
 Metaspace       used 67773K, committed 68416K, reserved 1114112K
  class space    used 8202K, committed 8512K, reserved 1048576K
}
Event: 13954.176 GC heap before
{Heap before GC invocations=1267 (full 1229):
 garbage-first heap   total 106496K, used 50957K [0x00000000c0000000, 0x0000000100000000)
  region size 1024K, 1 young (1024K), 0 survivors (0K)
 Metaspace       used 67773K, committed 68416K, reserved 1114112K
  class space    used 8202K, committed 8512K, reserved 1048576K
}
Event: 13954.200 GC heap after
{Heap after GC invocations=1268 (full 1230):
 garbage-first heap   total 106496K, used 50957K [0x00000000c0000000, 0x0000000100000000)
  region size 1024K, 0 young (0K), 0 survivors (0K)
 Metaspace       used 67773K, committed 68416K, reserved 1114112K
  class space    used 8202K, committed 8512K, reserved 1048576K
}
Event: 13964.473 GC heap before
{Heap before GC invocations=1268 (full 1230):
 garbage-first heap   total 106496K, used 50957K [0x00000000c0000000, 0x0000000100000000)
  region size 1024K, 1 young (1024K), 0 survivors (0K)
 Metaspace       used 67773K, committed 68416K, reserved 1114112K
  class space    used 8202K, committed 8512K, reserved 1048576K
}
Event: 13964.495 GC heap after
{Heap after GC invocations=1269 (full 1231):
 garbage-first heap   total 106496K, used 50957K [0x00000000c0000000, 0x0000000100000000)
  region size 1024K, 0 young (0K), 0 survivors (0K)
 Metaspace       used 67773K, committed 68416K, reserved 1114112K
  class space    used 8202K, committed 8512K, reserved 1048576K
}
Event: 13974.715 GC heap before
{Heap before GC invocations=1269 (full 1231):
 garbage-first heap   total 106496K, used 50957K [0x00000000c0000000, 0x0000000100000000)
  region size 1024K, 1 young (1024K), 0 survivors (0K)
 Metaspace       used 67773K, committed 68416K, reserved 1114112K
  class space    used 8202K, committed 8512K, reserved 1048576K
}
Event: 13974.737 GC heap after
{Heap after GC invocations=1270 (full 1232):
 garbage-first heap   total 106496K, used 50957K [0x00000000c0000000, 0x0000000100000000)
  region size 1024K, 0 young (0K), 0 survivors (0K)
 Metaspace       used 67773K, committed 68416K, reserved 1114112K
  class space    used 8202K, committed 8512K, reserved 1048576K
}
Event: 13984.939 GC heap before
{Heap before GC invocations=1270 (full 1232):
 garbage-first heap   total 106496K, used 50957K [0x00000000c0000000, 0x0000000100000000)
  region size 1024K, 1 young (1024K), 0 survivors (0K)
 Metaspace       used 67773K, committed 68416K, reserved 1114112K
  class space    used 8202K, committed 8512K, reserved 1048576K
}
Event: 13984.963 GC heap after
{Heap after GC invocations=1271 (full 1233):
 garbage-first heap   total 106496K, used 50957K [0x00000000c0000000, 0x0000000100000000)
  region size 1024K, 0 young (0K), 0 survivors (0K)
 Metaspace       used 67773K, committed 68416K, reserved 1114112K
  class space    used 8202K, committed 8512K, reserved 1048576K
}
Event: 13995.152 GC heap before
{Heap before GC invocations=1271 (full 1233):
 garbage-first heap   total 106496K, used 50957K [0x00000000c0000000, 0x0000000100000000)
  region size 1024K, 1 young (1024K), 0 survivors (0K)
 Metaspace       used 67773K, committed 68416K, reserved 1114112K
  class space    used 8202K, committed 8512K, reserved 1048576K
}
Event: 13995.173 GC heap after
{Heap after GC invocations=1272 (full 1234):
 garbage-first heap   total 106496K, used 50957K [0x00000000c0000000, 0x0000000100000000)
  region size 1024K, 0 young (0K), 0 survivors (0K)
 Metaspace       used 67773K, committed 68416K, reserved 1114112K
  class space    used 8202K, committed 8512K, reserved 1048576K
}
Event: 14005.208 GC heap before
{Heap before GC invocations=1272 (full 1234):
 garbage-first heap   total 106496K, used 50957K [0x00000000c0000000, 0x0000000100000000)
  region size 1024K, 1 young (1024K), 0 survivors (0K)
 Metaspace       used 67773K, committed 68416K, reserved 1114112K
  class space    used 8202K, committed 8512K, reserved 1048576K
}

